<?xml version="1.0" encoding="UTF-8"?>
<!-- Generated by org.testng.reporters.JUnitReportReporter -->
<testsuite hostname="Vaibhav-HP" failures="0" tests="1" name="testCases.HRMS.HRCore.CreateWorkLocationTest" time="18.794" errors="0" timestamp="2025-06-07T17:51:44 IST" skipped="0">
  <testcase classname="testCases.HRMS.HRCore.CreateWorkLocationTest" name="createWorkLocation" time="18.794"/>
</testsuite> <!-- testCases.HRMS.HRCore.CreateWorkLocationTest -->
