<?xml version="1.0" encoding="UTF-8"?>
<!-- Generated by org.testng.reporters.JUnitReportReporter -->
<testsuite hostname="EBSPC106" failures="0" tests="1" name="testCases.HRMS.SelfService.DeleteSupportReqCategoryTest" time="21.119" errors="0" timestamp="2025-06-10T15:59:55 IST" skipped="0">
  <testcase classname="testCases.HRMS.SelfService.DeleteSupportReqCategoryTest" name="deleteSupportReqCategory" time="21.119"/>
</testsuite> <!-- testCases.HRMS.SelfService.DeleteSupportReqCategoryTest -->
