<?xml version="1.0" encoding="UTF-8"?>
<!-- Generated by org.testng.reporters.JUnitReportReporter -->
<testsuite hostname="EBSPC106" failures="0" tests="1" name="testCases.HRMS.Payroll.CreateOvertimeTest" time="33.137" errors="0" timestamp="2025-06-12T18:18:42 IST" skipped="0">
  <testcase classname="testCases.HRMS.Payroll.CreateOvertimeTest" name="verifyOvertime" time="33.137"/>
</testsuite> <!-- testCases.HRMS.Payroll.CreateOvertimeTest -->
