<?xml version="1.0" encoding="UTF-8"?>
<!-- Generated by org.testng.reporters.JUnitReportReporter -->
<testsuite hostname="EBSPC106" failures="0" tests="1" name="testCases.HRMS.Payroll.VariableSalaryTest_Lambok" time="37.289" errors="0" timestamp="2025-05-20T14:59:32 IST" skipped="0">
  <testcase classname="testCases.HRMS.Payroll.VariableSalaryTest_Lambok" name="verifyVariableSalary" time="37.289"/>
</testsuite> <!-- testCases.HRMS.Payroll.VariableSalaryTest_Lambok -->
