<?xml version="1.0" encoding="UTF-8"?>
<!-- Generated by org.testng.reporters.JUnitReportReporter -->
<testsuite hostname="EBSPC106" failures="0" tests="1" name="testCases.HRMS.HRCore.CreateEmployeeTest" time="40.096" errors="0" timestamp="2025-06-08T18:48:43 IST" skipped="0">
  <testcase classname="testCases.HRMS.HRCore.CreateEmployeeTest" name="createEmployee" time="40.096"/>
</testsuite> <!-- testCases.HRMS.HRCore.CreateEmployeeTest -->
