<?xml version="1.0" encoding="UTF-8"?>
<!-- Generated by org.testng.reporters.JUnitReportReporter -->
<testsuite hostname="Vaibhav-HP" failures="0" tests="1" name="testCases.TC_WorkLocationTest" time="24.309" errors="0" timestamp="2024-11-01T23:45:03 IST" skipped="0">
  <testcase classname="testCases.TC_WorkLocationTest" name="verifyWorkLocation" time="24.309"/>
</testsuite> <!-- testCases.TC_WorkLocationTest -->
