<?xml version="1.0" encoding="UTF-8"?>
<!-- Generated by org.testng.reporters.JUnitReportReporter -->
<testsuite hostname="EBSPC106" failures="0" tests="1" name="testCases.HRMS.Payroll.DeleteOvertimeTest" time="19.487" errors="0" timestamp="2025-06-12T18:19:22 IST" skipped="0">
  <testcase classname="testCases.HRMS.Payroll.DeleteOvertimeTest" name="verifyOvertime" time="19.487"/>
</testsuite> <!-- testCases.HRMS.Payroll.DeleteOvertimeTest -->
