<?xml version="1.0" encoding="UTF-8"?>
<!-- Generated by org.testng.reporters.JUnitReportReporter -->
<testsuite hostname="Vaibhav-HP" failures="0" tests="1" name="testCases.HRMS.HRCore.CreateQualificationTest" time="18.689" errors="0" timestamp="2025-06-07T17:51:44 IST" skipped="0">
  <testcase classname="testCases.HRMS.HRCore.CreateQualificationTest" name="createQualification" time="18.689"/>
</testsuite> <!-- testCases.HRMS.HRCore.CreateQualificationTest -->
