<?xml version="1.0" encoding="UTF-8"?>
<!-- Generated by org.testng.reporters.JUnitReportReporter -->
<testsuite hostname="EBSPC106" failures="0" tests="1" name="testCases.HRMS.Payroll.CreateLeaveOpeningBalanceTest" time="42.112" errors="0" timestamp="2025-06-10T15:18:06 IST" skipped="0">
  <testcase classname="testCases.HRMS.Payroll.CreateLeaveOpeningBalanceTest" name="createLeaveOpeningBalance" time="42.112"/>
</testsuite> <!-- testCases.HRMS.Payroll.CreateLeaveOpeningBalanceTest -->
