<?xml version="1.0" encoding="UTF-8"?>
<!-- Generated by org.testng.reporters.JUnitReportReporter -->
<testsuite hostname="Vaibhav-HP" failures="0" tests="1" name="testCases.HRMS.Attendance.DeleteRosterTest" time="36.819" errors="0" timestamp="2025-06-07T17:51:44 IST" skipped="0">
  <testcase classname="testCases.HRMS.Attendance.DeleteRosterTest" name="deleteRoster" time="36.819"/>
</testsuite> <!-- testCases.HRMS.Attendance.DeleteRosterTest -->
