<?xml version="1.0" encoding="UTF-8"?>
<!-- Generated by org.testng.reporters.JUnitReportReporter -->
<testsuite hostname="Vaibhav-HP" failures="0" tests="1" name="testCases.LoginTest" time="77.901" errors="0" timestamp="2024-09-06T14:32:48 IST" skipped="0">
  <testcase classname="testCases.LoginTest" name="verify_login" time="77.901"/>
</testsuite> <!-- testCases.LoginTest -->
