<?xml version="1.0" encoding="UTF-8"?>
<!-- Generated by org.testng.reporters.JUnitReportReporter -->
<testsuite hostname="Vaibhav-HP" failures="0" tests="1" name="testCases.HRMS.Payroll.DeleteBenefitEncashmentTest" time="46.655" errors="0" timestamp="2025-06-07T17:51:44 IST" skipped="0">
  <testcase classname="testCases.HRMS.Payroll.DeleteBenefitEncashmentTest" name="deleteBenefitEncashment" time="46.655"/>
</testsuite> <!-- testCases.HRMS.Payroll.DeleteBenefitEncashmentTest -->
