<?xml version="1.0" encoding="UTF-8"?>
<!-- Generated by org.testng.reporters.JUnitReportReporter -->
<testsuite hostname="EBSPC106" failures="0" tests="1" name="testCases.HRMS.Payroll.TC_OvertimeTest" time="38.988" errors="0" timestamp="2024-12-26T13:38:53 IST" skipped="0">
  <testcase classname="testCases.HRMS.Payroll.TC_OvertimeTest" name="verifyOvertime" time="38.988"/>
</testsuite> <!-- testCases.HRMS.Payroll.TC_OvertimeTest -->
