<?xml version="1.0" encoding="UTF-8"?>
<!-- Generated by org.testng.reporters.JUnitReportReporter -->
<testsuite hostname="Vaibhav-HP" failures="0" tests="1" name="testCases.HRMS.Attendance.DeleteShiftTest" time="33.582" errors="0" timestamp="2025-06-07T17:51:44 IST" skipped="0">
  <testcase classname="testCases.HRMS.Attendance.DeleteShiftTest" name="deleteShift" time="33.582"/>
</testsuite> <!-- testCases.HRMS.Attendance.DeleteShiftTest -->
