<?xml version="1.0" encoding="UTF-8"?>
<!-- Generated by org.testng.reporters.JUnitReportReporter -->
<testsuite hostname="Vaibhav-HP" failures="0" tests="1" name="testCases.HRMS.Attendance.DeleteStrictDayShiftTimetableTest" time="36.842" errors="0" timestamp="2025-06-07T17:51:44 IST" skipped="0">
  <testcase classname="testCases.HRMS.Attendance.DeleteStrictDayShiftTimetableTest" name="deleteStrictDayShiftTimetable" time="36.842"/>
</testsuite> <!-- testCases.HRMS.Attendance.DeleteStrictDayShiftTimetableTest -->
