<?xml version="1.0" encoding="UTF-8"?>
<!-- Generated by org.testng.reporters.JUnitReportReporter -->
<testsuite hostname="Vaibhav-HP" failures="0" tests="1" name="testCases.HRMS.HRCore.GoogleLogin" time="8.254" errors="0" timestamp="2025-05-10T11:07:53 IST" skipped="0">
  <testcase classname="testCases.HRMS.HRCore.GoogleLogin" name="login" time="8.254"/>
</testsuite> <!-- testCases.HRMS.HRCore.GoogleLogin -->
