<?xml version="1.0" encoding="UTF-8"?>
<!-- Generated by org.testng.reporters.JUnitReportReporter -->
<testsuite hostname="EBSPC106" failures="0" tests="1" name="testCases.HRMS.SelfService.DeleteLeaveRequestTest" time="18.545" errors="0" timestamp="2025-06-10T15:34:22 IST" skipped="0">
  <testcase classname="testCases.HRMS.SelfService.DeleteLeaveRequestTest" name="deleteLeaveRequest" time="18.545"/>
</testsuite> <!-- testCases.HRMS.SelfService.DeleteLeaveRequestTest -->
