<?xml version="1.0" encoding="UTF-8"?>
<!-- Generated by org.testng.reporters.JUnitReportReporter -->
<testsuite hostname="Vaibhav-HP" failures="0" tests="1" name="testCases.HRMS.Payroll.DeleteVariableSalaryTest" time="147.650" errors="0" timestamp="2025-06-11T23:27:55 IST" skipped="0">
  <testcase classname="testCases.HRMS.Payroll.DeleteVariableSalaryTest" name="deleteVariableSalary" time="147.650"/>
</testsuite> <!-- testCases.HRMS.Payroll.DeleteVariableSalaryTest -->
