<?xml version="1.0" encoding="UTF-8"?>
<!-- Generated by org.testng.reporters.JUnitReportReporter -->
<testsuite hostname="Vaibhav-HP" failures="0" tests="1" name="testCases.HRMS.SelfService.CreateHRAssetRequest" time="58.676" errors="0" timestamp="2025-06-07T17:51:44 IST" skipped="0">
  <testcase classname="testCases.HRMS.SelfService.CreateHRAssetRequest" name="createHRAssetRequest" time="58.676"/>
</testsuite> <!-- testCases.HRMS.SelfService.CreateHRAssetRequest -->
