<?xml version="1.0" encoding="UTF-8"?>
<!-- Generated by org.testng.reporters.JUnitReportReporter -->
<testsuite hostname="Vaibhav-HP" failures="0" tests="1" name="testCases.HRMS.SelfService.CreateBenefitClaimTest" time="38.743" errors="0" timestamp="2025-06-11T22:46:34 IST" skipped="0">
  <testcase classname="testCases.HRMS.SelfService.CreateBenefitClaimTest" name="createBenefitClaim" time="38.743"/>
</testsuite> <!-- testCases.HRMS.SelfService.CreateBenefitClaimTest -->
