<?xml version="1.0" encoding="UTF-8"?>
<!-- Generated by org.testng.reporters.JUnitReportReporter -->
<testsuite hostname="EBSPC106" failures="0" tests="1" name="testCases.HRMS.Payroll.DeleteLeaveOpeningBalanceTest" time="22.748" errors="0" timestamp="2025-06-10T15:18:06 IST" skipped="0">
  <testcase classname="testCases.HRMS.Payroll.DeleteLeaveOpeningBalanceTest" name="deleteLeaveOpeningBalance" time="22.748"/>
</testsuite> <!-- testCases.HRMS.Payroll.DeleteLeaveOpeningBalanceTest -->
