<?xml version="1.0" encoding="UTF-8"?>
<!-- Generated by org.testng.reporters.JUnitReportReporter -->
<testsuite hostname="Vaibhav-HP" failures="0" tests="1" name="testCases.HRMS.HRCore.TC_ReligionTest" time="18.271" errors="0" timestamp="2025-05-03T19:07:49 IST" skipped="0">
  <testcase classname="testCases.HRMS.HRCore.TC_ReligionTest" name="verifyReligion" time="18.271"/>
</testsuite> <!-- testCases.HRMS.HRCore.TC_ReligionTest -->
