<?xml version="1.0" encoding="UTF-8"?>
<!-- Generated by org.testng.reporters.JUnitReportReporter -->
<testsuite hostname="Vaibhav-HP" failures="0" tests="1" name="testCases.HRMS.Attendance.CreateStrictDayShiftTimetableTest" time="32.039" errors="0" timestamp="2025-06-07T17:51:44 IST" skipped="0">
  <testcase classname="testCases.HRMS.Attendance.CreateStrictDayShiftTimetableTest" name="createStrictDayShiftTimetable" time="32.039"/>
</testsuite> <!-- testCases.HRMS.Attendance.CreateStrictDayShiftTimetableTest -->
