<?xml version="1.0" encoding="UTF-8"?>
<!-- Generated by org.testng.reporters.JUnitReportReporter -->
<testsuite hostname="Vaibhav-HP" failures="0" tests="1" name="securityTesting.ZapSeleniumIntegrationTest" time="32.689" errors="0" timestamp="2024-10-31T21:12:53 IST" skipped="0">
  <testcase classname="securityTesting.ZapSeleniumIntegrationTest" name="testLoginAndSecurityScan" time="32.689"/>
</testsuite> <!-- securityTesting.ZapSeleniumIntegrationTest -->
