<?xml version="1.0" encoding="UTF-8"?>
<!-- Generated by org.testng.reporters.JUnitReportReporter -->
<testsuite hostname="Vaibhav-HP" failures="0" tests="1" name="testCases.HRMS.HRCore.TC_QualificationTest" time="20.157" errors="0" timestamp="2025-03-22T15:48:23 IST" skipped="0">
  <testcase classname="testCases.HRMS.HRCore.TC_QualificationTest" name="verifyQualification" time="20.157"/>
</testsuite> <!-- testCases.HRMS.HRCore.TC_QualificationTest -->
