<?xml version="1.0" encoding="UTF-8"?>
<!-- Generated by org.testng.reporters.JUnitReportReporter -->
<testsuite hostname="EBSPC106" failures="0" tests="1" name="testCases.HRMS.SelfService.CreateTimeOffTest" time="16.869" errors="0" timestamp="2025-06-10T17:43:44 IST" skipped="0">
  <testcase classname="testCases.HRMS.SelfService.CreateTimeOffTest" name="createTimeOff" time="16.869"/>
</testsuite> <!-- testCases.HRMS.SelfService.CreateTimeOffTest -->
