<?xml version="1.0" encoding="UTF-8"?>
<!-- Generated by org.testng.reporters.JUnitReportReporter -->
<testsuite hostname="Vaibhav-HP" failures="0" tests="1" name="testCases.HRMS.HRCore.DeleteReligionTest" time="36.600" errors="0" timestamp="2025-06-07T17:51:44 IST" skipped="0">
  <testcase classname="testCases.HRMS.HRCore.DeleteReligionTest" name="deleteReligion" time="36.600"/>
</testsuite> <!-- testCases.HRMS.HRCore.DeleteReligionTest -->
