<?xml version="1.0" encoding="UTF-8"?>
<!-- Generated by org.testng.reporters.JUnitReportReporter -->
<testsuite hostname="Vaibhav-HP" failures="0" tests="1" name="testCases.HRMS.Payroll.CreateVariableSalaryTest_Lambok" time="45.062" errors="0" timestamp="2025-06-11T23:24:51 IST" skipped="0">
  <testcase classname="testCases.HRMS.Payroll.CreateVariableSalaryTest_Lambok" name="verifyVariableSalary" time="45.062"/>
</testsuite> <!-- testCases.HRMS.Payroll.CreateVariableSalaryTest_Lambok -->
