<?xml version="1.0" encoding="UTF-8"?>
<!-- Generated by org.testng.reporters.JUnitReportReporter -->
<testsuite hostname="EBSPC106" failures="0" tests="1" name="testCases.HRMS.Payroll.DeleteTicketEncashmentTest" time="19.888" errors="0" timestamp="2025-06-10T19:03:25 IST" skipped="0">
  <testcase classname="testCases.HRMS.Payroll.DeleteTicketEncashmentTest" name="deleteTicketEncashment" time="19.888"/>
</testsuite> <!-- testCases.HRMS.Payroll.DeleteTicketEncashmentTest -->
