<?xml version="1.0" encoding="UTF-8"?>
<!-- Generated by org.testng.reporters.JUnitReportReporter -->
<testsuite hostname="Vaibhav-HP" failures="0" tests="1" name="testCases.HRMS.Payroll.LeaveAdjustmentTest" time="57.980" errors="0" timestamp="2025-05-30T19:23:57 IST" skipped="0">
  <testcase classname="testCases.HRMS.Payroll.LeaveAdjustmentTest" name="createLeaveAdjustment" time="57.980"/>
</testsuite> <!-- testCases.HRMS.Payroll.LeaveAdjustmentTest -->
