<?xml version="1.0" encoding="UTF-8"?>
<!-- Generated by org.testng.reporters.JUnitReportReporter -->
<testsuite hostname="EBSPC106" failures="0" tests="1" name="testCases.HRMS.SelfService.CreateSupportRequestTest" time="14.631" errors="0" timestamp="2025-06-10T16:58:30 IST" skipped="0">
  <testcase classname="testCases.HRMS.SelfService.CreateSupportRequestTest" name="createSupportRequest" time="14.631"/>
</testsuite> <!-- testCases.HRMS.SelfService.CreateSupportRequestTest -->
