<?xml version="1.0" encoding="UTF-8"?>
<!-- Generated by org.testng.reporters.JUnitReportReporter -->
<testsuite hostname="Vaibhav-HP" failures="0" tests="1" name="testCases.TC_AssetIssueTest" time="32.074" errors="0" timestamp="2024-11-01T23:45:03 IST" skipped="0">
  <testcase classname="testCases.TC_AssetIssueTest" name="verifyAssetIssue" time="32.074"/>
</testsuite> <!-- testCases.TC_AssetIssueTest -->
