<?xml version="1.0" encoding="UTF-8"?>
<!-- Generated by org.testng.reporters.JUnitReportReporter -->
<testsuite hostname="Vaibhav-HP" failures="0" tests="1" name="testCases.HRMS.Global.BrokenLinksTest" time="33.421" errors="0" timestamp="2025-05-17T10:43:52 IST" skipped="0">
  <testcase classname="testCases.HRMS.Global.BrokenLinksTest" name="findBrokenLinks" time="33.421"/>
</testsuite> <!-- testCases.HRMS.Global.BrokenLinksTest -->
