<?xml version="1.0" encoding="UTF-8"?>
<!-- Generated by org.testng.reporters.JUnitReportReporter -->
<testsuite hostname="Vaibhav-HP" failures="0" tests="1" name="testCases.HRMS.Attendance.CreateRosterTest" time="42.384" errors="0" timestamp="2025-06-07T22:09:07 IST" skipped="0">
  <testcase classname="testCases.HRMS.Attendance.CreateRosterTest" name="createRoster" time="42.384"/>
</testsuite> <!-- testCases.HRMS.Attendance.CreateRosterTest -->
