<?xml version="1.0" encoding="UTF-8"?>
<!-- Generated by org.testng.reporters.JUnitReportReporter -->
<testsuite hostname="Vaibhav-HP" failures="0" tests="1" name="testCases.HRMS.SelfService.CreateExceptionRequestTest" time="25.927" errors="0" timestamp="2025-06-07T17:51:44 IST" skipped="0">
  <testcase classname="testCases.HRMS.SelfService.CreateExceptionRequestTest" name="createExceptionRequest" time="25.927"/>
</testsuite> <!-- testCases.HRMS.SelfService.CreateExceptionRequestTest -->
