<?xml version="1.0" encoding="UTF-8"?>
<!-- Generated by org.testng.reporters.JUnitReportReporter -->
<testsuite hostname="Vaibhav-HP" failures="0" tests="1" name="testCases.HRMS.SelfService.VerifyApproveWorkflowTest" time="66.325" errors="0" timestamp="2025-06-07T22:09:07 IST" skipped="0">
  <testcase classname="testCases.HRMS.SelfService.VerifyApproveWorkflowTest" name="verifyApproveWorkflow" time="66.325"/>
</testsuite> <!-- testCases.HRMS.SelfService.VerifyApproveWorkflowTest -->
