<?xml version="1.0" encoding="UTF-8"?>
<!-- Generated by org.testng.reporters.JUnitReportReporter -->
<testsuite hostname="Vaibhav-HP" failures="0" tests="1" name="testCases.TC_ReligionTest" time="24.293" errors="0" timestamp="2024-11-01T23:45:03 IST" skipped="0">
  <testcase classname="testCases.TC_ReligionTest" name="verifyReligion" time="24.293"/>
</testsuite> <!-- testCases.TC_ReligionTest -->
