<?xml version="1.0" encoding="UTF-8"?>
<!-- Generated by org.testng.reporters.JUnitReportReporter -->
<testsuite hostname="EBSPC106" failures="0" tests="1" name="testCases.HRMS.HRCore.DeleteEmployeeTest" time="33.863" errors="0" timestamp="2025-06-08T19:01:49 IST" skipped="0">
  <testcase classname="testCases.HRMS.HRCore.DeleteEmployeeTest" name="deleteEmployee" time="33.863"/>
</testsuite> <!-- testCases.HRMS.HRCore.DeleteEmployeeTest -->
