<?xml version="1.0" encoding="UTF-8"?>
<!-- Generated by org.testng.reporters.JUnitReportReporter -->
<testsuite hostname="Vaibhav-HP" failures="0" tests="1" name="testCases.HRMS.HRCore.TC_DeptTest" time="28.704" errors="0" timestamp="2025-03-22T15:48:23 IST" skipped="0">
  <testcase classname="testCases.HRMS.HRCore.TC_DeptTest" name="verifyDept" time="28.704"/>
</testsuite> <!-- testCases.HRMS.HRCore.TC_DeptTest -->
