<?xml version="1.0" encoding="UTF-8"?>
<!-- Generated by org.testng.reporters.JUnitReportReporter -->
<testsuite hostname="Vaibhav-HP" failures="0" tests="1" name="testCases.HRMS.HRCore.DeleteDeptTest" time="43.101" errors="0" timestamp="2025-06-07T17:51:44 IST" skipped="0">
  <testcase classname="testCases.HRMS.HRCore.DeleteDeptTest" name="deleteDepartment" time="43.101"/>
</testsuite> <!-- testCases.HRMS.HRCore.DeleteDeptTest -->
