<?xml version="1.0" encoding="UTF-8"?>
<!-- Generated by org.testng.reporters.JUnitReportReporter -->
<testsuite hostname="Vaibhav-HP" failures="0" tests="1" name="apiTesting.GetData" time="2.276" errors="0" timestamp="2024-10-31T13:58:24 IST" skipped="0">
  <testcase classname="apiTesting.GetData" name="testResponseCode1" time="2.276"/>
</testsuite> <!-- apiTesting.GetData -->
